<?xml version="1.0" encoding="UTF-8"?>
<testsuite name="com.kodilla.stream.array.ArrayOperationsTestSuite" tests="1" skipped="0" failures="0" errors="0" timestamp="2019-01-19T18:10:49" hostname="mateusz-ThinkPad-X220" time="0.019">
  <properties/>
  <testcase name="testGetAverage" classname="com.kodilla.stream.array.ArrayOperationsTestSuite" time="0.019"/>
  <system-out><![CDATA[1
2
3
10
242
1019
]]></system-out>
  <system-err><![CDATA[]]></system-err>
</testsuite>
