<?xml version="1.0" encoding="UTF-8"?>
<testsuite name="com.kodilla.testing.forum.ForumTestSuite" tests="2" skipped="0" failures="0" errors="0" timestamp="2018-09-25T10:47:49" hostname="mateusz-ThinkPad-X220" time="0.001">
  <properties/>
  <testcase name="testCaseRealName" classname="com.kodilla.testing.forum.ForumTestSuite" time="0.0"/>
  <testcase name="testCaseUsername" classname="com.kodilla.testing.forum.ForumTestSuite" time="0.0"/>
  <system-out><![CDATA[Test suite: begin
Test case: begin
Testing John Smith
Test case: end
Test case: begin
Testing TheForumUser
Test case: end
Test suite: end
]]></system-out>
  <system-err><![CDATA[]]></system-err>
</testsuite>
