<?xml version="1.0" encoding="UTF-8"?>
<testsuite name="com.kodilla.patterns.builder.BigmacTestSuite" tests="1" skipped="0" failures="0" errors="0" timestamp="2018-11-08T19:17:43" hostname="mateusz-ThinkPad-X220" time="0.001">
  <properties/>
  <testcase name="testBigmacNew" classname="com.kodilla.patterns.builder.BigmacTestSuite" time="0.001"/>
  <system-out><![CDATA[]]></system-out>
  <system-err><![CDATA[]]></system-err>
</testsuite>
