<?xml version="1.0" encoding="UTF-8"?>
<testsuite name="com.kodilla.spring.intro.shape.DrawerTestSuite" tests="2" skipped="0" failures="0" errors="0" timestamp="2019-01-19T18:10:48" hostname="mateusz-ThinkPad-X220" time="0.006">
  <properties/>
  <testcase name="testDoDrawingWithTriangle" classname="com.kodilla.spring.intro.shape.DrawerTestSuite" time="0.004"/>
  <testcase name="testDoDrawingWithCircle" classname="com.kodilla.spring.intro.shape.DrawerTestSuite" time="0.001"/>
  <system-out><![CDATA[This is a triangle
This is a circle
]]></system-out>
  <system-err><![CDATA[]]></system-err>
</testsuite>
