<?xml version="1.0" encoding="UTF-8"?>
<testsuite name="com.kodilla.jdbc.DbManagerTestSuite" tests="3" skipped="0" failures="0" errors="0" timestamp="2018-11-08T19:17:40" hostname="mateusz-ThinkPad-X220" time="0.754">
  <properties/>
  <testcase name="testSelectUsers" classname="com.kodilla.jdbc.DbManagerTestSuite" time="0.744"/>
  <testcase name="testConnect" classname="com.kodilla.jdbc.DbManagerTestSuite" time="0.0"/>
  <testcase name="testSelectUsersAndPosts" classname="com.kodilla.jdbc.DbManagerTestSuite" time="0.009"/>
  <system-out><![CDATA[1, John, Smith
2, Zachary, Lee
3, Stephanie, Kovalsky
4, Thomas, Landgren
5, John, Thomson
John Smith
]]></system-out>
  <system-err><![CDATA[]]></system-err>
</testsuite>
